<?xml version="1.0" encoding="UTF-8"?>
<!-- Generated by org.testng.reporters.JUnitReportReporter -->
<testsuite hostname="DESKTOP-08EDGK2" failures="0" tests="1" name="dstestcases.LoggerTest" time="0.556" errors="0" timestamp="2023-09-15T17:11:33 EDT" skipped="0">
  <testcase classname="dstestcases.LoggerTest" name="test01" time="0.556"/>
</testsuite> <!-- dstestcases.LoggerTest -->
