<?xml version="1.0" encoding="UTF-8"?>
<!-- Generated by org.testng.reporters.JUnitReportReporter -->
<testsuite hostname="DESKTOP-08EDGK2" failures="0" tests="1" name="module1.Registration" time="1.319" errors="0" timestamp="2023-09-16T15:48:37 EDT" skipped="0">
  <testcase classname="module1.Registration" name="Login" time="1.319"/>
</testsuite> <!-- module1.Registration -->
