<?xml version="1.0" encoding="UTF-8"?>
<!-- Generated by org.testng.reporters.JUnitReportReporter -->
<testsuite hostname="DESKTOP-2GLBG32" failures="0" tests="16" name="module1.Array" time="21.164" errors="0" timestamp="2023-09-17T22:26:42 GMT-04:00" skipped="0">
  <testcase classname="module1.Array" name="openwebsite" time="3.144"/>
  <testcase classname="module1.Array" name="Login" time="3.109"/>
  <testcase classname="module1.Array" name="clickGetStarted" time="0.794"/>
  <testcase classname="module1.Array" name="clickdrpdownArray" time="0.720"/>
  <testcase classname="module1.Array" name="ArrayPage" time="2.105"/>
  <testcase classname="module1.Array" name="TryHereLinkArrayInPython" time="2.254"/>
  <testcase classname="module1.Array" name="ArraysUsingListClick" time="0.777"/>
  <testcase classname="module1.Array" name="TryHereArraysUsingList" time="0.716"/>
  <testcase classname="module1.Array" name="BasicOperationListClick" time="1.107"/>
  <testcase classname="module1.Array" name="TryHereBasicOperationList" time="0.752"/>
  <testcase classname="module1.Array" name="ApplicationOfArrayClick" time="0.817"/>
  <testcase classname="module1.Array" name="TryHereApplicationOfArray" time="1.060"/>
  <testcase classname="module1.Array" name="SearchTheArray" time="0.960"/>
  <testcase classname="module1.Array" name="MaxConsecutiveOnes" time="0.687"/>
  <testcase classname="module1.Array" name="FindNumberWithEvenNumber" time="0.791"/>
  <testcase classname="module1.Array" name="SquaresOfSortedArray" time="1.371"/>
</testsuite> <!-- module1.Array -->
